<?xml version="1.0" encoding="UTF-8"?>
<!-- Generated by org.testng.reporters.JUnitXMLReporter -->
<testsuite hostname="NMKRTYCHYAN-NB" ignored="0" name="Test 1" tests="3" failures="0" timestamp="26 янв 2019 19:38:01 GMT" time="11.823" errors="0">
  <testcase name="SimpleTest2" time="7.119" classname="lesson2.SimpleTestParallel"/>
  <testcase name="SimpleTest1" time="7.332" classname="lesson2.SimpleTestParallel"/>
  <testcase name="SimpleTest3" time="4.672" classname="lesson2.SimpleTestParallel"/>
</testsuite> <!-- Test 1 -->
